<?xml version="1.0" encoding="utf-8"?><testsuites name="pytest tests"><testsuite name="pytest" errors="0" failures="0" skipped="0" tests="15" time="3.248" timestamp="2026-08-27T21:00:24.698625+00:00" hostname="agent-env-d2bfb2b4-6c5b-4973-b0dd-b4708937c3b4"><testcase classname="tests.test_iter261_pipeline_eligibility.TestOrdersMultiStatus" name="test_all_orders_baseline" time="1.104" /><testcase classname="tests.test_iter261_pipeline_eligibility.TestReturnEligibility" name="test_eligibility_shape" time="1.065" /><testcase classname="tests.test_iter261_pipeline_eligibility.TestReturnEligibility" name="test_eligibility_without_return_type" time="0.179" /><testcase classname="tests.test_iter261_pipeline_eligibility.TestOrdersMultiStatus" name="test_comma_status_returns_only_those_statuses" time="0.118" /><testcase classname="tests.test_iter261_pipeline_eligibility.TestOrdersMultiStatus" name="test_comma_status_equals_union_of_singles" time="0.427" /><testcase classname="tests.test_iter261_pipeline_eligibility.TestReturnEligibility" name="test_eligibility_unknown_order_404" time="0.145" /><testcase classname="tests.test_iter261_pipeline_eligibility.TestReturnEligibility" name="test_eligibility_missing_param_422" time="0.091" /><testcase classname="tests.test_iter261_pipeline_eligibility.TestReturnEligibility" name="test_eligibility_requires_auth" time="0.210" /><testcase classname="tests.test_iter261_pipeline_eligibility.TestOrdersMultiStatus" name="test_whitespace_and_trailing_comma_tolerated" time="0.125" /><testcase classname="tests.test_iter261_pipeline_eligibility.TestReturnEligibility" name="test_eligibility_matches_active_return" time="0.247" /><testcase classname="tests.test_iter261_pipeline_eligibility.TestOrdersMultiStatus" name="test_unknown_status_returns_empty" time="0.106" /><testcase classname="tests.test_iter261_pipeline_eligibility.TestOrdersMultiStatus" name="test_no_mongo_object_id_leak" time="0.114" /><testcase classname="tests.test_iter261_pipeline_eligibility.TestOrdersMultiStatus" name="test_stats_summary_consistent_with_list" time="0.424" /><testcase classname="tests.test_iter261_pipeline_eligibility.TestPurchaseOrders" name="test_po_list_and_detail" time="0.854" /><testcase classname="tests.test_iter261_pipeline_eligibility.TestOrdersMultiStatus" name="test_requires_auth" time="0.408" /></testsuite></testsuites>