<?xml version="1.0" encoding="utf-8"?><testsuites name="pytest tests"><testsuite name="pytest" errors="0" failures="0" skipped="0" tests="30" time="4.557" timestamp="2026-08-28T05:53:17.235009+00:00" hostname="agent-env-d2bfb2b4-6c5b-4973-b0dd-b4708937c3b4"><testcase classname="tests.test_iter263_wms_rfid_r0r1r2.TestR0Sites" name="test_list_sites_seeded" time="0.443" /><testcase classname="tests.test_iter263_wms_rfid_r0r1r2.TestR0Sites" name="test_create_and_delete_empty_site" time="0.311" /><testcase classname="tests.test_iter263_wms_rfid_r0r1r2.TestR0Sites" name="test_delete_used_site_rejected" time="0.092" /><testcase classname="tests.test_iter263_wms_rfid_r0r1r2.TestR0Sites" name="test_delete_unknown_site_404" time="0.047" /><testcase classname="tests.test_iter263_wms_rfid_r0r1r2.TestR0WarehouseProfile" name="test_patch_profile_persists" time="0.247" /><testcase classname="tests.test_iter263_wms_rfid_r0r1r2.TestR0WarehouseProfile" name="test_invalid_role_rejected" time="0.084" /><testcase classname="tests.test_iter263_wms_rfid_r0r1r2.TestR0WarehouseProfile" name="test_invalid_rule_mode_rejected" time="0.044" /><testcase classname="tests.test_iter263_wms_rfid_r0r1r2.TestR0WarehouseProfile" name="test_invalid_site_rejected" time="0.046" /><testcase classname="tests.test_iter263_wms_rfid_r0r1r2.TestR1PrintVerify" name="test_pick_untagged_rolls" time="0.241" /><testcase classname="tests.test_iter263_wms_rfid_r0r1r2.TestR1PrintVerify" name="test_create_print_job" time="0.163" /><testcase classname="tests.test_iter263_wms_rfid_r0r1r2.TestR1PrintVerify" name="test_create_print_job_empty_rejected" time="0.045" /><testcase classname="tests.test_iter263_wms_rfid_r0r1r2.TestR1PrintVerify" name="test_zpl_has_rfid_write" time="0.046" /><testcase classname="tests.test_iter263_wms_rfid_r0r1r2.TestR1PrintVerify" name="test_mark_printed" time="0.096" /><testcase classname="tests.test_iter263_wms_rfid_r0r1r2.TestR1PrintVerify" name="test_verify_partial_then_complete" time="0.340" /><testcase classname="tests.test_iter263_wms_rfid_r0r1r2.TestR1PrintVerify" name="test_rolls_are_ready_for_putaway" time="0.047" /><testcase classname="tests.test_iter263_wms_rfid_r0r1r2.TestR1PrintVerify" name="test_set_routing_cross_dock_then_store" time="0.238" /><testcase classname="tests.test_iter263_wms_rfid_r0r1r2.TestR1PrintVerify" name="test_invalid_routing_rejected" time="0.045" /><testcase classname="tests.test_iter263_wms_rfid_r0r1r2.TestR2PutawayOrder" name="test_suggest_excludes_retur_for_grade_a" time="0.049" /><testcase classname="tests.test_iter263_wms_rfid_r0r1r2.TestR2PutawayOrder" name="test_create_pa_to_retur_rejected" time="0.048" /><testcase classname="tests.test_iter263_wms_rfid_r0r1r2.TestR2PutawayOrder" name="test_create_pa_same_warehouse_rejected" time="0.054" /><testcase classname="tests.test_iter263_wms_rfid_r0r1r2.TestR2PutawayOrder" name="test_full_pa_flow" time="0.509" /><testcase classname="tests.test_iter263_wms_rfid_r0r1r2.TestR2PutawayOrder" name="test_list_orders_filter" time="0.092" /><testcase classname="tests.test_iter263_wms_rfid_r0r1r2.TestR2PutawayOrder" name="test_suggest_unknown_warehouse_404" time="0.044" /><testcase classname="tests.test_iter263_wms_rfid_r0r1r2.TestRegression" name="test_inventory_balances" time="0.049" /><testcase classname="tests.test_iter263_wms_rfid_r0r1r2.TestRegression" name="test_putaway_queue" time="0.048" /><testcase classname="tests.test_iter263_wms_rfid_r0r1r2.TestRegression" name="test_rfid_summary" time="0.049" /><testcase classname="tests.test_iter263_wms_rfid_r0r1r2.TestRegression" name="test_rfid_tags" time="0.051" /><testcase classname="tests.test_iter263_wms_rfid_r0r1r2.TestScopeAndRbac" name="test_all_entity_mode_write_rejected" time="0.171" /><testcase classname="tests.test_iter263_wms_rfid_r0r1r2.TestScopeAndRbac" name="test_unauthenticated_rejected" time="0.247" /><testcase classname="tests.test_iter263_wms_rfid_r0r1r2.TestScopeAndRbac" name="test_sales_role_forbidden" time="0.490" /></testsuite></testsuites>