<?xml version="1.0" encoding="utf-8"?><testsuites name="pytest tests"><testsuite name="pytest" errors="0" failures="0" skipped="1" tests="34" time="8.797" timestamp="2026-08-28T06:51:46.210064+00:00" hostname="agent-env-d2bfb2b4-6c5b-4973-b0dd-b4708937c3b4"><testcase classname="tests.test_iter265_r3r4r5.TestR3DeviceIngest" name="test_01_api_key_issue_and_idempotent" time="2.961" /><testcase classname="tests.test_iter265_r3r4r5.TestR3DeviceIngest" name="test_02_api_key_404_unknown_device" time="0.068" /><testcase classname="tests.test_iter265_r3r4r5.TestR3DeviceIngest" name="test_03_heartbeat_sets_online" time="0.121" /><testcase classname="tests.test_iter265_r3r4r5.TestR3DeviceIngest" name="test_04_no_key_and_bad_key_401" time="0.346" /><testcase classname="tests.test_iter265_r3r4r5.TestR3DeviceIngest" name="test_05_ingest_unknown_epc_red" time="0.110" /><testcase classname="tests.test_iter265_r3r4r5.TestR3DeviceIngest" name="test_06_ingest_available_roll_gate_out_red" time="0.123" /><testcase classname="tests.test_iter265_r3r4r5.TestR3DeviceIngest" name="test_07_ingest_committed_so_roll_gate_out_green_with_so_number" time="0.119" /><testcase classname="tests.test_iter265_r3r4r5.TestR3DeviceIngest" name="test_08_gate_in_pa_destination_green_and_wrong_warehouse_red" time="0.798" /><testcase classname="tests.test_iter265_r3r4r5.TestR3DeviceIngest" name="test_09_reads_recorded" time="0.117" /><testcase classname="tests.test_iter265_r3r4r5.TestR3Printer" name="test_01_create_print_job_and_printer_device" time="0.516" /><testcase classname="tests.test_iter265_r3r4r5.TestR3Printer" name="test_02_pending_jobs_contains_zpl" time="0.131" /><testcase classname="tests.test_iter265_r3r4r5.TestR3Printer" name="test_03_printer_lain_tidak_melihat_job" time="0.115" /><testcase classname="tests.test_iter265_r3r4r5.TestR3Printer" name="test_04_ack_403_dari_printer_gudang_lain" time="0.100" /><testcase classname="tests.test_iter265_r3r4r5.TestR3Printer" name="test_05_ack_printed" time="0.187" /><testcase classname="tests.test_iter265_r3r4r5.TestR3Printer" name="test_06_guard_tipe_device" time="0.342" /><testcase classname="tests.test_iter265_r3r4r5.TestR3Printer" name="test_99_cleanup_devices" time="0.205" /><testcase classname="tests.test_iter265_r3r4r5.TestR4LoadingCheck" name="test_00_resolve_target" time="0.073" /><testcase classname="tests.test_iter265_r3r4r5.TestR4LoadingCheck" name="test_01_dispatch_diblokir_bila_hasil_terakhir_tidak_bersih" time="0.000"><skipped type="pytest.skip" message="hasil terakhir bersih/kosong — blokir diuji di test_04">/app/backend/tests/test_iter265_r3r4r5.py:342: hasil terakhir bersih/kosong — blokir diuji di test_04</skipped></testcase><testcase classname="tests.test_iter265_r3r4r5.TestR4LoadingCheck" name="test_02_start_session" time="0.139" /><testcase classname="tests.test_iter265_r3r4r5.TestR4LoadingCheck" name="test_03_dispatch_diblokir_sesi_terbuka" time="0.066" /><testcase classname="tests.test_iter265_r3r4r5.TestR4LoadingCheck" name="test_04_complete_tanpa_scan_with_issues_dan_dispatch_diblokir" time="0.205" /><testcase classname="tests.test_iter265_r3r4r5.TestR4LoadingCheck" name="test_05_ulangi_scan_semua_menjadi_clean" time="0.249" /><testcase classname="tests.test_iter265_r3r4r5.TestR4LoadingCheck" name="test_06_dispatch_berhasil_setelah_clean" time="0.153" /><testcase classname="tests.test_iter265_r3r4r5.TestR4LoadingCheck" name="test_07_start_untuk_so_bogus_404" time="0.079" /><testcase classname="tests.test_iter265_r3r4r5.TestJourneyTimeline" name="test_01_roll_so_timeline" time="0.072" /><testcase classname="tests.test_iter265_r3r4r5.TestJourneyTimeline" name="test_02_roll_putaway_timeline" time="0.076" /><testcase classname="tests.test_iter265_r3r4r5.TestJourneyTimeline" name="test_03_roll_bogus_404" time="0.065" /><testcase classname="tests.test_iter265_r3r4r5.TestJourneyTimeline" name="test_04_roll_entitas_lain_403" time="0.074" /><testcase classname="tests.test_iter265_r3r4r5.TestR5ReturnPipeline" name="test_01_buat_retur_dan_settle" time="0.425" /><testcase classname="tests.test_iter265_r3r4r5.TestR5ReturnPipeline" name="test_02_roll_retur_ber_journey_received_transit" time="0.001" /><testcase classname="tests.test_iter265_r3r4r5.TestR5ReturnPipeline" name="test_03_roll_retur_muncul_di_untagged_rolls" time="0.066" /><testcase classname="tests.test_iter265_r3r4r5.TestR5ReturnPipeline" name="test_04_print_tag_baru_dan_verifikasi" time="0.364" /><testcase classname="tests.test_iter265_r3r4r5.TestR5ReturnPipeline" name="test_05_suggest_menyarankan_gedung_retur_untuk_grade_bc" time="0.066" /><testcase classname="tests.test_iter265_r3r4r5.TestR5ReturnPipeline" name="test_06_timeline_roll_retur" time="0.065" /></testsuite></testsuites>