<?xml version="1.0" encoding="utf-8"?><testsuites name="pytest tests"><testsuite name="pytest" errors="0" failures="0" skipped="1" tests="9" time="1.850" timestamp="2026-08-29T06:55:06.427126+00:00" hostname="agent-env-d2bfb2b4-6c5b-4973-b0dd-b4708937c3b4"><testcase classname="tests.test_iter268_order_preview.TestVerifyRegression" name="test_verify_ready_order_succeeds" time="0.909" /><testcase classname="tests.test_iter268_order_preview.TestVerificationPreview" name="test_desk_has_verify_rows" time="0.722" /><testcase classname="tests.test_iter268_order_preview.TestVerificationPreview" name="test_preview_shape_for_order_with_items" time="0.052" /><testcase classname="tests.test_iter268_order_preview.TestVerificationPreview" name="test_so_008_preview" time="0.054" /><testcase classname="tests.test_iter268_order_preview.TestVerificationPreview" name="test_backorder_only_order_preview" time="0.105" /><testcase classname="tests.test_iter268_order_preview.TestVerifyRegression" name="test_verify_incomplete_order_returns_409" time="0.051"><skipped type="pytest.skip" message="tidak ada order cacat di antrean">/app/backend/tests/test_iter268_order_preview.py:202: tidak ada order cacat di antrean</skipped></testcase><testcase classname="tests.test_iter268_order_preview.TestFulfillmentPreview" name="test_fulfillment_options_include_preview" time="0.059" /><testcase classname="tests.test_iter268_order_preview.TestVerifyRegression" name="test_verify_synthetic_defective_order_409" time="0.165" /><testcase classname="tests.test_iter268_order_preview.TestFulfillmentPreview" name="test_preview_consistent_between_endpoints" time="0.109" /></testsuite></testsuites>