<?xml version="1.0" encoding="utf-8"?><testsuites name="pytest tests"><testsuite name="pytest" errors="0" failures="0" skipped="0" tests="6" time="2.818" timestamp="2026-08-28T06:01:56.179102+00:00" hostname="agent-env-d2bfb2b4-6c5b-4973-b0dd-b4708937c3b4"><testcase classname="tests.test_iter264_putaway_fixes.TestSuggestGradeAware" name="test_groups_expose_grade_field" time="2.026" /><testcase classname="tests.test_iter264_putaway_fixes.TestSuggestGradeAware" name="test_grade_a_group_excludes_retur" time="0.050" /><testcase classname="tests.test_iter264_putaway_fixes.TestSuggestGradeAware" name="test_grade_b_group_includes_retur" time="0.125" /><testcase classname="tests.test_iter264_putaway_fixes.TestResolveExceptionValidation" name="test_invalid_action_400_no_mutation" time="0.140" /><testcase classname="tests.test_iter264_putaway_fixes.TestResolveExceptionValidation" name="test_valid_action_but_no_matching_item_404" time="0.096" /><testcase classname="tests.test_iter264_putaway_fixes.TestConfirmArrivalBulk" name="test_small_pa_full_flow" time="0.224" /></testsuite></testsuites>