<?xml version="1.0" encoding="utf-8"?><testsuites name="pytest tests"><testsuite name="pytest" errors="0" failures="2" skipped="0" tests="31" time="3.567" timestamp="2026-08-28T07:21:38.455233+00:00" hostname="agent-env-d2bfb2b4-6c5b-4973-b0dd-b4708937c3b4"><testcase classname="tests.test_iter266_r6_cc_r7.TestR6Incidents" name="test_01_ingest_red_creates_incident" time="0.853" /><testcase classname="tests.test_iter266_r6_cc_r7.TestR6Incidents" name="test_02_dedupe_10_minutes" time="0.163" /><testcase classname="tests.test_iter266_r6_cc_r7.TestR6Incidents" name="test_03_acknowledge" time="0.105" /><testcase classname="tests.test_iter266_r6_cc_r7.TestR6Incidents" name="test_04_ack_twice_is_400" time="0.072" /><testcase classname="tests.test_iter266_r6_cc_r7.TestR6Incidents" name="test_05_resolve" time="0.149" /><testcase classname="tests.test_iter266_r6_cc_r7.TestR6Incidents" name="test_06_unknown_incident_404" time="0.064" /><testcase classname="tests.test_iter266_r6_cc_r7.TestR6Incidents" name="test_07_gate_simulate_still_creates_incident" time="0.154" /><testcase classname="tests.test_iter266_r6_cc_r7.TestR6Incidents" name="test_08_filter_by_warehouse" time="0.054" /><testcase classname="tests.test_iter266_r6_cc_r7.TestR6Reports" name="test_01_shrinkage_report" time="0.053" /><testcase classname="tests.test_iter266_r6_cc_r7.TestR6Reports" name="test_02_shrinkage_days_1" time="0.063" /><testcase classname="tests.test_iter266_r6_cc_r7.TestR6Reports" name="test_03_device_health" time="0.195" /><testcase classname="tests.test_iter266_r6_cc_r7.TestCycleCount" name="test_01_start_session" time="0.083" /><testcase classname="tests.test_iter266_r6_cc_r7.TestCycleCount" name="test_02_start_again_returns_same_session" time="0.074" /><testcase classname="tests.test_iter266_r6_cc_r7.TestCycleCount" name="test_03_start_unknown_warehouse_404" time="0.050" /><testcase classname="tests.test_iter266_r6_cc_r7.TestCycleCount" name="test_04_scan_partial_plus_misplaced" time="0.059" /><testcase classname="tests.test_iter266_r6_cc_r7.TestCycleCount" name="test_05_complete" time="0.084" /><testcase classname="tests.test_iter266_r6_cc_r7.TestCycleCount" name="test_06_no_stock_change" time="0.001" /><testcase classname="tests.test_iter266_r6_cc_r7.TestCycleCount" name="test_07_complete_twice_400" time="0.078" /><testcase classname="tests.test_iter266_r6_cc_r7.TestCycleCount" name="test_08_list_and_detail" time="0.218" /><testcase classname="tests.test_iter266_r6_cc_r7.TestCycleCount" name="test_09_filter_by_warehouse" time="0.068" /><testcase classname="tests.test_iter266_r6_cc_r7.TestR7Wizard" name="test_01_wizard_analysis" time="0.067" /><testcase classname="tests.test_iter266_r6_cc_r7.TestR7Wizard" name="test_02_other_entity_so_403" time="0.053" /><testcase classname="tests.test_iter266_r6_cc_r7.TestR7Wizard" name="test_03_unknown_so_404" time="0.067" /><testcase classname="tests.test_iter266_r6_cc_r7.TestR7Wizard" name="test_04_create_pr_draft" time="0.152" /><testcase classname="tests.test_iter266_r6_cc_r7.TestR7Wizard" name="test_05_create_pr_other_entity_403" time="0.071" /><testcase classname="tests.test_iter266_r6_cc_r7.TestR7Wizard" name="test_06_create_interco_without_contract_400" time="0.066" /><testcase classname="tests.test_iter266_r6_cc_r7.TestR7Wizard" name="test_07_create_interco_with_contract" time="0.066" /><testcase classname="tests.test_iter266_r6_cc_r7.TestR7Wizard" name="test_08_wizard_contract_flag_is_pair_specific" time="0.079" /><testcase classname="tests.test_iter266_r6_cc_r7.TestR7Wizard" name="test_09_entity_names_resolved_not_raw_ids" time="0.080"><failure message="AssertionError: entity_name SO masih id mentah: ent_ksc&#10;assert not True&#10; +  where True = &lt;built-in method startswith of str object at 0xfc57b3790ef0&gt;('ent_')&#10; +    where &lt;built-in method startswith of str object at 0xfc57b3790ef0&gt; = 'ent_ksc'.startswith">E   AssertionError: entity_name SO masih id mentah: ent_ksc
    assert not True
     +  where True = &lt;built-in method startswith of str object at 0xfc57b3790ef0&gt;('ent_')
     +    where &lt;built-in method startswith of str object at 0xfc57b3790ef0&gt; = 'ent_ksc'.startswith</failure></testcase><testcase classname="tests.test_iter266_r6_cc_r7.TestR7Wizard" name="test_10_contract_flag_matches_pt_pair" time="0.070"><failure message="AssertionError: kontrak KSC/SCT-00011 bukan untuk pasangan penjual=ent_kanda → pembeli=ent_ksc&#10;assert ('ent_ksc' == 'ent_kanda'&#10;  &#10;  - ent_kanda&#10;  + ent_ksc)">E   AssertionError: kontrak KSC/SCT-00011 bukan untuk pasangan penjual=ent_kanda → pembeli=ent_ksc
    assert ('ent_ksc' == 'ent_kanda'
      
      - ent_kanda
      + ent_ksc)</failure></testcase><testcase classname="tests.test_iter266_r6_cc_r7" name="test_zz_cleanup_test_artifacts" time="0.001" /></testsuite></testsuites>