<?xml version="1.0" encoding="utf-8"?><testsuites name="pytest tests"><testsuite name="pytest" errors="0" failures="0" skipped="0" tests="18" time="5.562" timestamp="2026-08-28T08:16:09.761128+00:00" hostname="agent-env-d2bfb2b4-6c5b-4973-b0dd-b4708937c3b4"><testcase classname="tests.test_iter267_notif_health_multileg.TestHealthDashboard" name="test_shape_and_totals" time="2.955" /><testcase classname="tests.test_iter267_notif_health_multileg.TestHealthDashboard" name="test_bandung_last_cc" time="0.119" /><testcase classname="tests.test_iter267_notif_health_multileg.TestHealthDashboard" name="test_open_incidents_consistent_with_source" time="0.237" /><testcase classname="tests.test_iter267_notif_health_multileg.TestHealthDashboard" name="test_devices_total_matches_db" time="0.203" /><testcase classname="tests.test_iter267_notif_health_multileg.TestHealthDashboard" name="test_requires_auth" time="0.094" /><testcase classname="tests.test_iter267_notif_health_multileg.TestGateAlarmNotification" name="test_red_read_creates_critical_notification" time="0.124" /><testcase classname="tests.test_iter267_notif_health_multileg.TestGateAlarmNotification" name="test_repeat_read_dedupes_incident_and_notification" time="0.096" /><testcase classname="tests.test_iter267_notif_health_multileg.TestGateAlarmNotification" name="test_notification_visible_to_warehouse_user" time="0.452" /><testcase classname="tests.test_iter267_notif_health_multileg.TestGateAlarmNotification" name="test_ingest_rejects_bad_device_key" time="0.132" /><testcase classname="tests.test_iter267_notif_health_multileg.TestReturnMultiLeg" name="test_relocate_moves_rolls_and_records_leg" time="0.133" /><testcase classname="tests.test_iter267_notif_health_multileg.TestReturnMultiLeg" name="test_second_relocate_rejected" time="0.117" /><testcase classname="tests.test_iter267_notif_health_multileg.TestReturnMultiLeg" name="test_relocate_unknown_warehouse" time="0.127" /><testcase classname="tests.test_iter267_notif_health_multileg.TestReturnMultiLeg" name="test_relocate_unknown_return_404" time="0.119" /><testcase classname="tests.test_iter267_notif_health_multileg.TestReturnMultiLeg" name="test_relocate_blocked_in_all_entities_scope" time="0.095" /><testcase classname="tests.test_iter267_notif_health_multileg.TestReturnMultiLeg" name="test_relocate_wrong_entity_scope_rejected" time="0.171" /><testcase classname="tests.test_iter267_notif_health_multileg.TestReturnMultiLeg" name="test_journey_timeline_shows_relocation" time="0.122" /><testcase classname="tests.test_iter267_notif_health_multileg.TestReturnMultiLeg" name="test_existing_legs_persisted_sret_958" time="0.100" /><testcase classname="tests.test_iter267_notif_health_multileg.TestReturnMultiLeg" name="test_balances_non_negative_after_relocation" time="0.001" /></testsuite></testsuites>